{"total": {"lines":{"total":1062,"covered":1043,"skipped":0,"pct":98.21},"statements":{"total":1062,"covered":1043,"skipped":0,"pct":98.21},"functions":{"total":31,"covered":26,"skipped":0,"pct":83.87},"branches":{"total":71,"covered":58,"skipped":0,"pct":81.69},"branchesTrue":{"total":0,"covered":0,"skipped":0,"pct":100}}
,"/Users/thejoaov/Documents/Projects/Temp/teste-cubos/src/components/Box/index.tsx": {"lines":{"total":20,"covered":20,"skipped":0,"pct":100},"functions":{"total":1,"covered":1,"skipped":0,"pct":100},"statements":{"total":20,"covered":20,"skipped":0,"pct":100},"branches":{"total":1,"covered":1,"skipped":0,"pct":100}}
,"/Users/thejoaov/Documents/Projects/Temp/teste-cubos/src/components/Box/styles.ts": {"lines":{"total":9,"covered":9,"skipped":0,"pct":100},"functions":{"total":0,"covered":0,"skipped":0,"pct":100},"statements":{"total":9,"covered":9,"skipped":0,"pct":100},"branches":{"total":0,"covered":0,"skipped":0,"pct":100}}
,"/Users/thejoaov/Documents/Projects/Temp/teste-cubos/src/components/Loader/index.tsx": {"lines":{"total":21,"covered":21,"skipped":0,"pct":100},"functions":{"total":0,"covered":0,"skipped":0,"pct":100},"statements":{"total":21,"covered":21,"skipped":0,"pct":100},"branches":{"total":0,"covered":0,"skipped":0,"pct":100}}
,"/Users/thejoaov/Documents/Projects/Temp/teste-cubos/src/components/MovieCard/index.tsx": {"lines":{"total":68,"covered":64,"skipped":0,"pct":94.11},"functions":{"total":2,"covered":1,"skipped":0,"pct":50},"statements":{"total":68,"covered":64,"skipped":0,"pct":94.11},"branches":{"total":1,"covered":1,"skipped":0,"pct":100}}
,"/Users/thejoaov/Documents/Projects/Temp/teste-cubos/src/components/MovieCard/styles.ts": {"lines":{"total":92,"covered":92,"skipped":0,"pct":100},"functions":{"total":0,"covered":0,"skipped":0,"pct":100},"statements":{"total":92,"covered":92,"skipped":0,"pct":100},"branches":{"total":0,"covered":0,"skipped":0,"pct":100}}
,"/Users/thejoaov/Documents/Projects/Temp/teste-cubos/src/components/MovieInfo/index.tsx": {"lines":{"total":80,"covered":76,"skipped":0,"pct":95},"functions":{"total":2,"covered":1,"skipped":0,"pct":50},"statements":{"total":80,"covered":76,"skipped":0,"pct":95},"branches":{"total":2,"covered":2,"skipped":0,"pct":100}}
,"/Users/thejoaov/Documents/Projects/Temp/teste-cubos/src/components/MovieInfo/styles.ts": {"lines":{"total":154,"covered":154,"skipped":0,"pct":100},"functions":{"total":0,"covered":0,"skipped":0,"pct":100},"statements":{"total":154,"covered":154,"skipped":0,"pct":100},"branches":{"total":0,"covered":0,"skipped":0,"pct":100}}
,"/Users/thejoaov/Documents/Projects/Temp/teste-cubos/src/components/Page/index.tsx": {"lines":{"total":11,"covered":11,"skipped":0,"pct":100},"functions":{"total":1,"covered":1,"skipped":0,"pct":100},"statements":{"total":11,"covered":11,"skipped":0,"pct":100},"branches":{"total":1,"covered":1,"skipped":0,"pct":100}}
,"/Users/thejoaov/Documents/Projects/Temp/teste-cubos/src/components/Page/styles.ts": {"lines":{"total":12,"covered":12,"skipped":0,"pct":100},"functions":{"total":0,"covered":0,"skipped":0,"pct":100},"statements":{"total":12,"covered":12,"skipped":0,"pct":100},"branches":{"total":0,"covered":0,"skipped":0,"pct":100}}
,"/Users/thejoaov/Documents/Projects/Temp/teste-cubos/src/components/Pagination/index.tsx": {"lines":{"total":90,"covered":90,"skipped":0,"pct":100},"functions":{"total":4,"covered":4,"skipped":0,"pct":100},"statements":{"total":90,"covered":90,"skipped":0,"pct":100},"branches":{"total":20,"covered":16,"skipped":0,"pct":80}}
,"/Users/thejoaov/Documents/Projects/Temp/teste-cubos/src/components/Pagination/styles.ts": {"lines":{"total":40,"covered":40,"skipped":0,"pct":100},"functions":{"total":0,"covered":0,"skipped":0,"pct":100},"statements":{"total":40,"covered":40,"skipped":0,"pct":100},"branches":{"total":0,"covered":0,"skipped":0,"pct":100}}
,"/Users/thejoaov/Documents/Projects/Temp/teste-cubos/src/components/SearchBox/index.tsx": {"lines":{"total":10,"covered":10,"skipped":0,"pct":100},"functions":{"total":1,"covered":1,"skipped":0,"pct":100},"statements":{"total":10,"covered":10,"skipped":0,"pct":100},"branches":{"total":1,"covered":1,"skipped":0,"pct":100}}
,"/Users/thejoaov/Documents/Projects/Temp/teste-cubos/src/components/SearchBox/styles.ts": {"lines":{"total":22,"covered":22,"skipped":0,"pct":100},"functions":{"total":0,"covered":0,"skipped":0,"pct":100},"statements":{"total":22,"covered":22,"skipped":0,"pct":100},"branches":{"total":0,"covered":0,"skipped":0,"pct":100}}
,"/Users/thejoaov/Documents/Projects/Temp/teste-cubos/src/components/TopBar/index.tsx": {"lines":{"total":11,"covered":11,"skipped":0,"pct":100},"functions":{"total":1,"covered":1,"skipped":0,"pct":100},"statements":{"total":11,"covered":11,"skipped":0,"pct":100},"branches":{"total":1,"covered":1,"skipped":0,"pct":100}}
,"/Users/thejoaov/Documents/Projects/Temp/teste-cubos/src/components/TopBar/styles.ts": {"lines":{"total":17,"covered":17,"skipped":0,"pct":100},"functions":{"total":0,"covered":0,"skipped":0,"pct":100},"statements":{"total":17,"covered":17,"skipped":0,"pct":100},"branches":{"total":0,"covered":0,"skipped":0,"pct":100}}
,"/Users/thejoaov/Documents/Projects/Temp/teste-cubos/src/components/YoutubeVideo/index.tsx": {"lines":{"total":19,"covered":19,"skipped":0,"pct":100},"functions":{"total":1,"covered":1,"skipped":0,"pct":100},"statements":{"total":19,"covered":19,"skipped":0,"pct":100},"branches":{"total":1,"covered":1,"skipped":0,"pct":100}}
,"/Users/thejoaov/Documents/Projects/Temp/teste-cubos/src/components/YoutubeVideo/styles.ts": {"lines":{"total":16,"covered":16,"skipped":0,"pct":100},"functions":{"total":0,"covered":0,"skipped":0,"pct":100},"statements":{"total":16,"covered":16,"skipped":0,"pct":100},"branches":{"total":0,"covered":0,"skipped":0,"pct":100}}
,"/Users/thejoaov/Documents/Projects/Temp/teste-cubos/src/config/api.ts": {"lines":{"total":11,"covered":11,"skipped":0,"pct":100},"functions":{"total":0,"covered":0,"skipped":0,"pct":100},"statements":{"total":11,"covered":11,"skipped":0,"pct":100},"branches":{"total":0,"covered":0,"skipped":0,"pct":100}}
,"/Users/thejoaov/Documents/Projects/Temp/teste-cubos/src/contexts/cachedInfo/index.tsx": {"lines":{"total":84,"covered":80,"skipped":0,"pct":95.23},"functions":{"total":3,"covered":3,"skipped":0,"pct":100},"statements":{"total":84,"covered":80,"skipped":0,"pct":95.23},"branches":{"total":15,"covered":10,"skipped":0,"pct":66.66}}
,"/Users/thejoaov/Documents/Projects/Temp/teste-cubos/src/hooks/useCachedInfo.tsx": {"lines":{"total":12,"covered":10,"skipped":0,"pct":83.33},"functions":{"total":1,"covered":1,"skipped":0,"pct":100},"statements":{"total":12,"covered":10,"skipped":0,"pct":83.33},"branches":{"total":2,"covered":1,"skipped":0,"pct":50}}
,"/Users/thejoaov/Documents/Projects/Temp/teste-cubos/src/pages/Home/index.tsx": {"lines":{"total":118,"covered":117,"skipped":0,"pct":99.15},"functions":{"total":4,"covered":2,"skipped":0,"pct":50},"statements":{"total":118,"covered":117,"skipped":0,"pct":99.15},"branches":{"total":15,"covered":14,"skipped":0,"pct":93.33}}
,"/Users/thejoaov/Documents/Projects/Temp/teste-cubos/src/pages/Movie/index.tsx": {"lines":{"total":42,"covered":42,"skipped":0,"pct":100},"functions":{"total":2,"covered":2,"skipped":0,"pct":100},"statements":{"total":42,"covered":42,"skipped":0,"pct":100},"branches":{"total":4,"covered":2,"skipped":0,"pct":50}}
,"/Users/thejoaov/Documents/Projects/Temp/teste-cubos/src/router/routes.tsx": {"lines":{"total":35,"covered":31,"skipped":0,"pct":88.57},"functions":{"total":2,"covered":1,"skipped":0,"pct":50},"statements":{"total":35,"covered":31,"skipped":0,"pct":88.57},"branches":{"total":1,"covered":1,"skipped":0,"pct":100}}
,"/Users/thejoaov/Documents/Projects/Temp/teste-cubos/src/services/api/index.ts": {"lines":{"total":45,"covered":45,"skipped":0,"pct":100},"functions":{"total":4,"covered":4,"skipped":0,"pct":100},"statements":{"total":45,"covered":45,"skipped":0,"pct":100},"branches":{"total":4,"covered":4,"skipped":0,"pct":100}}
,"/Users/thejoaov/Documents/Projects/Temp/teste-cubos/src/utils/colors.ts": {"lines":{"total":10,"covered":10,"skipped":0,"pct":100},"functions":{"total":0,"covered":0,"skipped":0,"pct":100},"statements":{"total":10,"covered":10,"skipped":0,"pct":100},"branches":{"total":0,"covered":0,"skipped":0,"pct":100}}
,"/Users/thejoaov/Documents/Projects/Temp/teste-cubos/src/utils/formats.ts": {"lines":{"total":13,"covered":13,"skipped":0,"pct":100},"functions":{"total":2,"covered":2,"skipped":0,"pct":100},"statements":{"total":13,"covered":13,"skipped":0,"pct":100},"branches":{"total":2,"covered":2,"skipped":0,"pct":100}}
}
